{
  "stats": {
    "suites": 1,
    "tests": 2,
    "passes": 2,
    "pending": 0,
    "failures": 0,
    "start": "2025-05-25T11:04:31.564Z",
    "end": "2025-05-25T11:04:41.855Z",
    "duration": 10291,
    "testsRegistered": 2,
    "passPercent": 100,
    "pendingPercent": 0,
    "other": 0,
    "hasOther": false,
    "skipped": 0,
    "hasSkipped": false
  },
  "results": [
    {
      "uuid": "8c99f096-0703-4c0d-bda2-3365a241acbf",
      "title": "",
      "fullFile": "cypress\\e2e\\ui\\HomePage.cy.ts",
      "file": "cypress\\e2e\\ui\\HomePage.cy.ts",
      "beforeHooks": [],
      "afterHooks": [],
      "tests": [],
      "suites": [
        {
          "uuid": "98890ddb-46b4-47f8-bdeb-10ad57fabba9",
          "title": "Home page Tests",
          "fullFile": "",
          "file": "",
          "beforeHooks": [],
          "afterHooks": [],
          "tests": [
            {
              "title": "Debug test version",
              "fullTitle": "Home page Tests Debug test version",
              "timedOut": null,
              "duration": 4416,
              "state": "passed",
              "speed": "fast",
              "pass": true,
              "fail": false,
              "pending": false,
              "context": null,
              "code": "cy.log('Running test version 2025-05-20');",
              "err": {},
              "uuid": "bf250348-ae22-4765-845d-31e3d23ab539",
              "parentUUID": "98890ddb-46b4-47f8-bdeb-10ad57fabba9",
              "isHook": false,
              "skipped": false
            },
            {
              "title": "Results should be displayed after film Search",
              "fullTitle": "Home page Tests Results should be displayed after film Search",
              "timedOut": null,
              "duration": 5717,
              "state": "passed",
              "speed": "medium",
              "pass": true,
              "fail": false,
              "pending": false,
              "context": null,
              "code": "_pages_HomePage__WEBPACK_IMPORTED_MODULE_0__[\"default\"].searchBar.waitMedium();\n_pages_HomePage__WEBPACK_IMPORTED_MODULE_0__[\"default\"].searchText(_pages_HomePage__WEBPACK_IMPORTED_MODULE_0__[\"default\"].searchBar, items.godfather);\n_pages_ResultsPage__WEBPACK_IMPORTED_MODULE_1__[\"default\"].urlContainsText(items.godfather);\n_pages_ResultsPage__WEBPACK_IMPORTED_MODULE_1__[\"default\"].headerText.waitMedium;\n_pages_ResultsPage__WEBPACK_IMPORTED_MODULE_1__[\"default\"].headerText.should('contain.text', items.godfather.toString().toLowerCase());\n_pages_ResultsPage__WEBPACK_IMPORTED_MODULE_1__[\"default\"].resultsList.should('have.length.gte', 0);",
              "err": {},
              "uuid": "7a660a8f-686d-4e3e-8222-498fc0de4e5b",
              "parentUUID": "98890ddb-46b4-47f8-bdeb-10ad57fabba9",
              "isHook": false,
              "skipped": false
            }
          ],
          "suites": [],
          "passes": [
            "bf250348-ae22-4765-845d-31e3d23ab539",
            "7a660a8f-686d-4e3e-8222-498fc0de4e5b"
          ],
          "failures": [],
          "pending": [],
          "skipped": [],
          "duration": 10133,
          "root": false,
          "rootEmpty": false,
          "_timeout": 2000
        }
      ],
      "passes": [],
      "failures": [],
      "pending": [],
      "skipped": [],
      "duration": 0,
      "root": true,
      "rootEmpty": true,
      "_timeout": 2000
    }
  ],
  "meta": {
    "mocha": {
      "version": "7.0.1"
    },
    "mochawesome": {
      "options": {
        "quiet": false,
        "reportFilename": "mochawesome",
        "saveHtml": true,
        "saveJson": true,
        "consoleReporter": "spec",
        "useInlineDiffs": false,
        "code": true
      },
      "version": "7.1.3"
    },
    "marge": {
      "options": {
        "reportDir": "cypress/reports/mochawesome",
        "overwrite": false,
        "html": true,
        "json": true
      },
      "version": "6.2.0"
    }
  }
}